<?xml version="1.0" encoding="UTF-8"?>
<!-- Generated by org.testng.reporters.JUnitXMLReporter -->
<testsuite ignored="3" hostname="DESKTOP-R8DN1KB" failures="3" tests="3" name="Test" time="37.943" errors="0" timestamp="2024-04-06T17:55:57 IST">
  <testcase classname="insuranceCalculation_Motorcycle.EndToEndTest_Motorcycle" name="insuranceCalculate" time="7.902">
    <failure type="java.lang.AssertionError" message="Pricing for Gold plan is not matched expected [696.00] but found [238.00]">
      <![CDATA[java.lang.AssertionError: Pricing for Gold plan is not matched expected [696.00] but found [238.00]
at insuranceCalculation_Motorcycle.EndToEndTest_Motorcycle.insuranceCalculate(EndToEndTest_Motorcycle.java:72)
at java.base/java.util.ArrayList.forEach(ArrayList.java:1511)
... Removed 36 stack frames]]>
    </failure>
  </testcase> <!-- insuranceCalculate -->
  <testcase classname="insuranceCalculation_Motorcycle.EndToEndTest_Motorcycle" name="insuranceCalculate" time="7.104">
    <failure type="java.lang.AssertionError" message="Pricing for Gold plan is not matched expected [793.00] but found [238.00]">
      <![CDATA[java.lang.AssertionError: Pricing for Gold plan is not matched expected [793.00] but found [238.00]
at insuranceCalculation_Motorcycle.EndToEndTest_Motorcycle.insuranceCalculate(EndToEndTest_Motorcycle.java:72)
at java.base/java.util.ArrayList.forEach(ArrayList.java:1511)
... Removed 36 stack frames]]>
    </failure>
  </testcase> <!-- insuranceCalculate -->
  <testcase classname="insuranceCalculation_Motorcycle.EndToEndTest_Motorcycle" name="insuranceCalculate" time="6.869">
    <failure type="java.lang.AssertionError" message="Pricing for Gold plan is not matched expected [] but found [87.00]">
      <![CDATA[java.lang.AssertionError: Pricing for Gold plan is not matched expected [] but found [87.00]
at insuranceCalculation_Motorcycle.EndToEndTest_Motorcycle.insuranceCalculate(EndToEndTest_Motorcycle.java:72)
at java.base/java.util.ArrayList.forEach(ArrayList.java:1511)
... Removed 36 stack frames]]>
    </failure>
  </testcase> <!-- insuranceCalculate -->
  <testcase classname="insuranceCalculation_Motorcycle.EndToEndTest_Motorcycle" name="insuranCalculate_VolvoMotor" time="0.0">
    <ignored/>
  </testcase> <!-- insuranCalculate_VolvoMotor -->
  <testcase classname="insuranceCalculation_Motorcycle.EndToEndTest_Motorcycle" name="insuranCalculate_FordMotor" time="0.0">
    <ignored/>
  </testcase> <!-- insuranCalculate_FordMotor -->
  <testcase classname="insuranceCalculation_Motorcycle.EndToEndTest_Motorcycle" name="verifyModeldropdownOptions" time="0.0">
    <ignored/>
  </testcase> <!-- verifyModeldropdownOptions -->
</testsuite> <!-- Test -->
